[debug] [2019-02-06T00:58:53.591Z] ----------------------------------------------------------------------
[debug] [2019-02-06T00:58:53.595Z] Command:       C:\Program Files\nodejs\node.exe C:\Users\Laboratoria\AppData\Roaming\npm\node_modules\firebase-tools\lib\bin\firebase.js serve
[debug] [2019-02-06T00:58:53.595Z] CLI Version:   6.3.0
[debug] [2019-02-06T00:58:53.596Z] Platform:      win32
[debug] [2019-02-06T00:58:53.596Z] Node Version:  v10.13.0
[debug] [2019-02-06T00:58:53.598Z] Time:          Tue Feb 05 2019 19:58:53 GMT-0500 (GMT-05:00)
[debug] [2019-02-06T00:58:53.598Z] ----------------------------------------------------------------------
[debug] 
[debug] [2019-02-06T00:58:53.618Z] > command requires scopes: ["email","openid","https://www.googleapis.com/auth/cloudplatformprojects.readonly","https://www.googleapis.com/auth/firebase","https://www.googleapis.com/auth/cloud-platform"]
[debug] [2019-02-06T00:58:53.619Z] > authorizing via signed-in user
[debug] [2019-02-06T00:58:53.619Z] [iam] checking project lim008-social-network for permissions ["firebase.projects.get"]
[debug] [2019-02-06T00:58:53.622Z] > refreshing access token with scopes: ["email","https://www.googleapis.com/auth/cloud-platform","https://www.googleapis.com/auth/cloudplatformprojects.readonly","https://www.googleapis.com/auth/firebase","openid"]
[debug] [2019-02-06T00:58:53.622Z] >>> HTTP REQUEST POST https://www.googleapis.com/oauth2/v3/token  
 <request body omitted>
[debug] [2019-02-06T00:58:54.361Z] <<< HTTP RESPONSE 200
[debug] [2019-02-06T00:58:54.380Z] >>> HTTP REQUEST POST https://cloudresourcemanager.googleapis.com/v1/projects/lim008-social-network:testIamPermissions  

[debug] [2019-02-06T00:58:55.211Z] <<< HTTP RESPONSE 200
[debug] [2019-02-06T00:58:55.212Z] >>> HTTP REQUEST GET https://cloudresourcemanager.googleapis.com/v1/projects/lim008-social-network  
 
[debug] [2019-02-06T00:58:56.012Z] <<< HTTP RESPONSE 200
[info] 
[info] === Serving from 'C:\Users\Laboratoria\Desktop\project\project-redsocial\LIM008-social-network'...
[info] 
[debug] [2019-02-06T00:58:56.020Z] >>> HTTP REQUEST GET https://mobilesdk-pa.googleapis.com/v1/projects/3950063519/clients/_:getWebAppConfig  
 
[debug] [2019-02-06T00:58:56.823Z] <<< HTTP RESPONSE 200
[info] i  hosting: Serving hosting files from: ./src
[info] +  hosting: Local server: http://localhost:5000
